<?xml version="1.0" encoding="UTF-8"?>
<!-- Generated by org.testng.reporters.JUnitXMLReporter -->
<testsuite hostname="DESKTOP-OH4RT0P" failures="1" tests="3" name="Test" time="53.907" errors="0" timestamp="7 Dec 2019 20:01:31 GMT">
  <testcase classname="techm.techm1.test1" name="Test1" time="1.719"/>
  <testcase classname="techm.techm1.test1" name="Test2" time="14.073"/>
  <testcase classname="techm.techm1.test1" name="Test3" time="9.061">
    <failure type="java.lang.AssertionError" message="expected [AutomationTalks - Learn Automation Testing] but found [Expected title]">
      <![CDATA[java.lang.AssertionError: expected [AutomationTalks - Learn Automation Testing] but found [Expected title]
	at techm.techm1.test1.Test3(test1.java:42)
... Removed 29 stack frames]]>
    </failure>
  </testcase> <!-- Test3 -->
</testsuite> <!-- Test -->
